INFO: Chuongtrinhchinh: (START)
INFO: Chuongtrinhchinh>ABCmain: (Start)
INFO: Chuongtrinhchinh>ABCmain: Loc cac nhanh tia ra khoi luoi (Start)
INFO: Chuongtrinhchinh>ABCmain>baoCaoTienDo: linedata : 32 (rows); powerdata: 27 (rows)
INFO: Chuongtrinhchinh>ABCmain>ruttia: bo qua tat ca cac nut nguon
INFO: Chuongtrinhchinh>ABCmain>ruttia: rut tia 1: lan 1: nut#5
INFO: Chuongtrinhchinh>ABCmain>ruttia: loai tru nhanh hinh-tia co linedata: 4  4  5  2  3
INFO: Chuongtrinhchinh>ABCmain>ruttia: loai tru nhanh hinh-tia co linedata: 3  3  4  1  2
INFO: Chuongtrinhchinh>ABCmain>ruttia: loai tru nhanh hinh-tia co linedata: 2  2  3  2  3
INFO: Chuongtrinhchinh>ABCmain>ruttia>baoCaoTienDo: linedata : 29 (rows); powerdata: 27 (rows)
INFO: Chuongtrinhchinh>ABCmain>ruttia: rut tia 1: lan 2: nut#16
INFO: Chuongtrinhchinh>ABCmain>ruttia: loai tru nhanh hinh-tia co linedata: 20  15  16   6   7
INFO: Chuongtrinhchinh>ABCmain>ruttia: loai tru nhanh hinh-tia co linedata: 19  14  15  14  15
INFO: Chuongtrinhchinh>ABCmain>ruttia>baoCaoTienDo: linedata : 27 (rows); powerdata: 27 (rows)
INFO: Chuongtrinhchinh>ABCmain>ruttia: rut tia 1: lan 3: nut#21
INFO: Chuongtrinhchinh>ABCmain>ruttia: loai tru nhanh hinh-tia co linedata: 26  20  21   5   2
INFO: Chuongtrinhchinh>ABCmain>ruttia>baoCaoTienDo: linedata : 26 (rows); powerdata: 27 (rows)
INFO: Chuongtrinhchinh>ABCmain>ruttia: rut tia 1: lan 4: nut#24
INFO: Chuongtrinhchinh>ABCmain>ruttia: loai tru nhanh hinh-tia co linedata: 24  22  24   4   7
INFO: Chuongtrinhchinh>ABCmain>ruttia>baoCaoTienDo: linedata : 25 (rows); powerdata: 27 (rows)
INFO: Chuongtrinhchinh>ABCmain>ruttia: rut tia 1: lan 5: nut#27
INFO: Chuongtrinhchinh>ABCmain>ruttia: loai tru nhanh hinh-tia co linedata: 32  26  27   5   6
INFO: Chuongtrinhchinh>ABCmain>ruttia: loai tru nhanh hinh-tia co linedata: 31  25  26   1   2
INFO: Chuongtrinhchinh>ABCmain>ruttia: loai tru nhanh hinh-tia co linedata: 30   8  25   3   2
INFO: Chuongtrinhchinh>ABCmain>ruttia>baoCaoTienDo: linedata : 22 (rows); powerdata: 27 (rows)
INFO: Chuongtrinhchinh>ABCmain>ruttia: bo qua tat ca cac nut nguon
INFO: Chuongtrinhchinh>ABCmain>ruttia: khong co nut nao chi nam tren mot nhanh
INFO: Chuongtrinhchinh>ABCmain>locnhanhtrung: (Start)
INFO: Chuongtrinhchinh>ABCmain>locnhanhtrung: (Success)
INFO: Chuongtrinhchinh>ABCmain>ruttia: bo qua tat ca cac nut nguon
INFO: Chuongtrinhchinh>ABCmain>ruttia: khong co nut nao chi nam tren mot nhanh
INFO: Chuongtrinhchinh>ABCmain>thugon: (Start)
INFO: Chuongtrinhchinh>ABCmain>thugon: (Success)
INFO: Chuongtrinhchinh>ABCmain>ruttia: bo qua tat ca cac nut nguon
INFO: Chuongtrinhchinh>ABCmain>ruttia: khong co nut nao chi nam tren mot nhanh
INFO: Chuongtrinhchinh>ABCmain>locnhanhtrung: (Start)
INFO: Chuongtrinhchinh>ABCmain>locnhanhtrung: (Success)
INFO: Chuongtrinhchinh>ABCmain: Loc cac nhanh tia ra khoi luoi (Success)
INFO: Chuongtrinhchinh>ABCmain>indeloop: (Start)
INFO: Chuongtrinhchinh>ABCmain>indeloop: (Success)
INFO: Chuongtrinhchinh>ABCmain>multiloop: (Start)
INFO: Chuongtrinhchinh>ABCmain>multiloop>loctia: loc bo tat ca cac nhanh hinh tia
INFO: Chuongtrinhchinh>ABCmain>multiloop: (Success)
INFO: Chuongtrinhchinh>ABCmain: so luong linedata can phan tich: 110
INFO: Chuongtrinhchinh>ABCmain>ABCin: (Start)
INFO: Chuongtrinhchinh>ABCmain>ABCin: No.1 (Success): Ploss = 0.47997 kW; nhanh cat = 27; (giai phap duoc chon)
INFO: Chuongtrinhchinh>ABCmain>ABCin: No.2 (Fail): Ploss = 0.47997 kW; nhanh cat = 27;
INFO: Chuongtrinhchinh>ABCmain>ABCin: (Success)
INFO: Chuongtrinhchinh>ABCmain>ruttia: bo qua tat ca cac nut nguon
INFO: Chuongtrinhchinh>ABCmain>ruttia: rut tia 1: lan 1: nut#16
INFO: Chuongtrinhchinh>ABCmain>ruttia: loai tru nhanh hinh-tia co linedata: 25  16  15   6   8
INFO: Chuongtrinhchinh>ABCmain>ruttia: loai tru nhanh hinh-tia co linedata: 23  15  14   5   4
INFO: Chuongtrinhchinh>ABCmain>ruttia: loai tru nhanh hinh-tia co linedata: 22  13  14   3   5
INFO: Chuongtrinhchinh>ABCmain>ruttia>baoCaoTienDo: linedata : 18 (rows); powerdata: 17 (rows)
INFO: Chuongtrinhchinh>ABCmain>ruttia: rut tia 1: lan 2: nut#17
INFO: Chuongtrinhchinh>ABCmain>ruttia: loai tru nhanh hinh-tia co linedata: 28  18  17   4   5
INFO: Chuongtrinhchinh>ABCmain>ruttia: loai tru nhanh hinh-tia co linedata: 29  13  18   4   4
INFO: Chuongtrinhchinh>ABCmain>ruttia: loai tru nhanh hinh-tia co linedata: 21  12  13   4   3
INFO: Chuongtrinhchinh>ABCmain>ruttia: loai tru nhanh hinh-tia co linedata: 18           10           12          0.5            1
INFO: Chuongtrinhchinh>ABCmain>ruttia>baoCaoTienDo: linedata : 14 (rows); powerdata: 17 (rows)
INFO: Chuongtrinhchinh>ABCmain>ruttia: bo qua tat ca cac nut nguon
INFO: Chuongtrinhchinh>ABCmain>ruttia: khong co nut nao chi nam tren mot nhanh
INFO: Chuongtrinhchinh>ABCmain>ruttia: bo qua tat ca cac nut nguon
INFO: Chuongtrinhchinh>ABCmain>ruttia: khong co nut nao chi nam tren mot nhanh
INFO: Chuongtrinhchinh>ABCmain>baoCaoTienDo: linedata : 14 (rows); powerdata: 17 (rows)
INFO: Chuongtrinhchinh>ABCmain>ABCmulti: (Start)
INFO: Chuongtrinhchinh>ABCmain>ABCmulti>trienKhaiGiaiDoanOngLamViec: 
INFO: Chuongtrinhchinh>ABCmain>ABCmulti>trienKhaiGiaiDoanOngGiamSat: 
INFO: Chuongtrinhchinh>ABCmain>ABCmulti>trienKhaiGiaiDoanOngTrinhSat: 
INFO: Chuongtrinhchinh>ABCmain>ABCmulti: No.1 (Success): Ploss = 5.2886 kW; nhanhcat = 14   9  10  11  17; (giai phap duoc chon)
INFO: Chuongtrinhchinh>ABCmain>ABCmulti>trienKhaiGiaiDoanOngLamViec: 
INFO: Chuongtrinhchinh>ABCmain>ABCmulti>trienKhaiGiaiDoanOngGiamSat: 
INFO: Chuongtrinhchinh>ABCmain>ABCmulti>trienKhaiGiaiDoanOngTrinhSat: 
INFO: Chuongtrinhchinh>ABCmain>ABCmulti: No.2 (Success): Ploss = 4.6401 kW; nhanhcat = 14   9  10  15  16; (giai phap duoc chon)
INFO: Chuongtrinhchinh>ABCmain>ABCmulti>trienKhaiGiaiDoanOngLamViec: 
INFO: Chuongtrinhchinh>ABCmain>ABCmulti>trienKhaiGiaiDoanOngGiamSat: 
INFO: Chuongtrinhchinh>ABCmain>ABCmulti>trienKhaiGiaiDoanOngTrinhSat: 
INFO: Chuongtrinhchinh>ABCmain>ABCmulti: No.3 (Fail): Ploss = 4.6401 kW; nhanhcat = 14   9  10  15  16;
INFO: Chuongtrinhchinh>ABCmain>ABCmulti>trienKhaiGiaiDoanOngLamViec: 
INFO: Chuongtrinhchinh>ABCmain>ABCmulti>trienKhaiGiaiDoanOngGiamSat: 
INFO: Chuongtrinhchinh>ABCmain>ABCmulti>trienKhaiGiaiDoanOngTrinhSat: 
INFO: Chuongtrinhchinh>ABCmain>ABCmulti: No.4 (Fail): Ploss = 4.6401 kW; nhanhcat = 14   9  10  15  16;
INFO: Chuongtrinhchinh>ABCmain>ABCmulti>trienKhaiGiaiDoanOngLamViec: 
INFO: Chuongtrinhchinh>ABCmain>ABCmulti>trienKhaiGiaiDoanOngGiamSat: 
INFO: Chuongtrinhchinh>ABCmain>ABCmulti>trienKhaiGiaiDoanOngTrinhSat: 
INFO: Chuongtrinhchinh>ABCmain>ABCmulti: No.5 (Fail): Ploss = 4.6401 kW; nhanhcat = 14   9  10  15  16;
INFO: Chuongtrinhchinh>ABCmain>ABCmulti>trienKhaiGiaiDoanOngLamViec: 
INFO: Chuongtrinhchinh>ABCmain>ABCmulti>trienKhaiGiaiDoanOngGiamSat: 
INFO: Chuongtrinhchinh>ABCmain>ABCmulti>trienKhaiGiaiDoanOngTrinhSat: 
INFO: Chuongtrinhchinh>ABCmain>ABCmulti: No.6 (Fail): Ploss = 4.6401 kW; nhanhcat = 14   9  10  15  16;
INFO: Chuongtrinhchinh>ABCmain>ABCmulti>trienKhaiGiaiDoanOngLamViec: 
INFO: Chuongtrinhchinh>ABCmain>ABCmulti>trienKhaiGiaiDoanOngGiamSat: 
INFO: Chuongtrinhchinh>ABCmain>ABCmulti>trienKhaiGiaiDoanOngTrinhSat: 
INFO: Chuongtrinhchinh>ABCmain>ABCmulti: No.7 (Fail): Ploss = 4.6401 kW; nhanhcat = 14   9  10  15  16;
INFO: Chuongtrinhchinh>ABCmain>ABCmulti>trienKhaiGiaiDoanOngLamViec: 
INFO: Chuongtrinhchinh>ABCmain>ABCmulti>trienKhaiGiaiDoanOngGiamSat: 
INFO: Chuongtrinhchinh>ABCmain>ABCmulti>trienKhaiGiaiDoanOngTrinhSat: 
INFO: Chuongtrinhchinh>ABCmain>ABCmulti: No.8 (Fail): Ploss = 4.6401 kW; nhanhcat = 14   9  10  15  16;
INFO: Chuongtrinhchinh>ABCmain>ABCmulti>trienKhaiGiaiDoanOngLamViec: 
INFO: Chuongtrinhchinh>ABCmain>ABCmulti>trienKhaiGiaiDoanOngGiamSat: 
INFO: Chuongtrinhchinh>ABCmain>ABCmulti>trienKhaiGiaiDoanOngTrinhSat: 
INFO: Chuongtrinhchinh>ABCmain>ABCmulti: No.9 (Fail): Ploss = 4.6401 kW; nhanhcat = 14   9  10  15  16;
INFO: Chuongtrinhchinh>ABCmain>ABCmulti>trienKhaiGiaiDoanOngLamViec: 
INFO: Chuongtrinhchinh>ABCmain>ABCmulti>trienKhaiGiaiDoanOngGiamSat: 
INFO: Chuongtrinhchinh>ABCmain>ABCmulti>trienKhaiGiaiDoanOngTrinhSat: 
INFO: Chuongtrinhchinh>ABCmain>ABCmulti: No.10 (Fail): Ploss = 4.6401 kW; nhanhcat = 14   9  10  15  16;
INFO: Chuongtrinhchinh>ABCmain>ABCmulti>trienKhaiGiaiDoanOngLamViec: 
INFO: Chuongtrinhchinh>ABCmain>ABCmulti>trienKhaiGiaiDoanOngGiamSat: 
INFO: Chuongtrinhchinh>ABCmain>ABCmulti>trienKhaiGiaiDoanOngTrinhSat: 
INFO: Chuongtrinhchinh>ABCmain>ABCmulti: No.11 (Fail): Ploss = 4.6401 kW; nhanhcat = 14   9  10  15  16;
INFO: Chuongtrinhchinh>ABCmain>ABCmulti>trienKhaiGiaiDoanOngLamViec: 
INFO: Chuongtrinhchinh>ABCmain>ABCmulti>trienKhaiGiaiDoanOngGiamSat: 
INFO: Chuongtrinhchinh>ABCmain>ABCmulti>trienKhaiGiaiDoanOngTrinhSat: 
INFO: Chuongtrinhchinh>ABCmain>ABCmulti: No.12 (Fail): Ploss = 4.6401 kW; nhanhcat = 14   9  10  15  16;
INFO: Chuongtrinhchinh>ABCmain>ABCmulti>trienKhaiGiaiDoanOngLamViec: 
INFO: Chuongtrinhchinh>ABCmain>ABCmulti>trienKhaiGiaiDoanOngGiamSat: 
INFO: Chuongtrinhchinh>ABCmain>ABCmulti>trienKhaiGiaiDoanOngTrinhSat: 
INFO: Chuongtrinhchinh>ABCmain>ABCmulti: No.13 (Fail): Ploss = 4.6401 kW; nhanhcat = 14   9  10  15  16;
INFO: Chuongtrinhchinh>ABCmain>ABCmulti>trienKhaiGiaiDoanOngLamViec: 
INFO: Chuongtrinhchinh>ABCmain>ABCmulti>trienKhaiGiaiDoanOngGiamSat: 
INFO: Chuongtrinhchinh>ABCmain>ABCmulti>trienKhaiGiaiDoanOngTrinhSat: 
INFO: Chuongtrinhchinh>ABCmain>ABCmulti: No.14 (Fail): Ploss = 4.6401 kW; nhanhcat = 14   9  10  15  16;
INFO: Chuongtrinhchinh>ABCmain>ABCmulti>trienKhaiGiaiDoanOngLamViec: 
INFO: Chuongtrinhchinh>ABCmain>ABCmulti>trienKhaiGiaiDoanOngGiamSat: 
INFO: Chuongtrinhchinh>ABCmain>ABCmulti>trienKhaiGiaiDoanOngTrinhSat: 
INFO: Chuongtrinhchinh>ABCmain>ABCmulti: No.15 (Fail): Ploss = 4.6401 kW; nhanhcat = 14   9  10  15  16;
INFO: Chuongtrinhchinh>ABCmain>ABCmulti>trienKhaiGiaiDoanOngLamViec: 
INFO: Chuongtrinhchinh>ABCmain>ABCmulti>trienKhaiGiaiDoanOngGiamSat: 
INFO: Chuongtrinhchinh>ABCmain>ABCmulti>trienKhaiGiaiDoanOngTrinhSat: 
INFO: Chuongtrinhchinh>ABCmain>ABCmulti: No.16 (Fail): Ploss = 4.6401 kW; nhanhcat = 14   9  10  15  16;
INFO: Chuongtrinhchinh>ABCmain>ABCmulti>trienKhaiGiaiDoanOngLamViec: 
INFO: Chuongtrinhchinh>ABCmain>ABCmulti>trienKhaiGiaiDoanOngGiamSat: 
INFO: Chuongtrinhchinh>ABCmain>ABCmulti>trienKhaiGiaiDoanOngTrinhSat: 
INFO: Chuongtrinhchinh>ABCmain>ABCmulti: No.17 (Fail): Ploss = 4.6401 kW; nhanhcat = 14   9  10  15  16;
INFO: Chuongtrinhchinh>ABCmain>ABCmulti>trienKhaiGiaiDoanOngLamViec: 
INFO: Chuongtrinhchinh>ABCmain>ABCmulti>trienKhaiGiaiDoanOngGiamSat: 
INFO: Chuongtrinhchinh>ABCmain>ABCmulti>trienKhaiGiaiDoanOngTrinhSat: 
INFO: Chuongtrinhchinh>ABCmain>ABCmulti: No.18 (Fail): Ploss = 4.6401 kW; nhanhcat = 14   9  10  15  16;
INFO: Chuongtrinhchinh>ABCmain>ABCmulti>trienKhaiGiaiDoanOngLamViec: 
INFO: Chuongtrinhchinh>ABCmain>ABCmulti>trienKhaiGiaiDoanOngGiamSat: 
INFO: Chuongtrinhchinh>ABCmain>ABCmulti>trienKhaiGiaiDoanOngTrinhSat: 
INFO: Chuongtrinhchinh>ABCmain>ABCmulti: No.19 (Fail): Ploss = 4.6401 kW; nhanhcat = 14   9  10  15  16;
INFO: Chuongtrinhchinh>ABCmain>ABCmulti>trienKhaiGiaiDoanOngLamViec: 
INFO: Chuongtrinhchinh>ABCmain>ABCmulti>trienKhaiGiaiDoanOngGiamSat: 
INFO: Chuongtrinhchinh>ABCmain>ABCmulti>trienKhaiGiaiDoanOngTrinhSat: 
INFO: Chuongtrinhchinh>ABCmain>ABCmulti: No.20 (Fail): Ploss = 4.6401 kW; nhanhcat = 14   9  10  15  16;
INFO: Chuongtrinhchinh>ABCmain>ABCmulti>trienKhaiGiaiDoanOngLamViec: 
INFO: Chuongtrinhchinh>ABCmain>ABCmulti>trienKhaiGiaiDoanOngGiamSat: 
INFO: Chuongtrinhchinh>ABCmain>ABCmulti>trienKhaiGiaiDoanOngTrinhSat: 
INFO: Chuongtrinhchinh>ABCmain>ABCmulti: No.21 (Fail): Ploss = 4.6401 kW; nhanhcat = 14   9  10  15  16;
INFO: Chuongtrinhchinh>ABCmain>ABCmulti>trienKhaiGiaiDoanOngLamViec: 
INFO: Chuongtrinhchinh>ABCmain>ABCmulti>trienKhaiGiaiDoanOngGiamSat: 
INFO: Chuongtrinhchinh>ABCmain>ABCmulti>trienKhaiGiaiDoanOngTrinhSat: 
INFO: Chuongtrinhchinh>ABCmain>ABCmulti: No.22 (Fail): Ploss = 4.6401 kW; nhanhcat = 14   9  10  15  16;
INFO: Chuongtrinhchinh>ABCmain>ABCmulti>trienKhaiGiaiDoanOngLamViec: 
INFO: Chuongtrinhchinh>ABCmain>ABCmulti>trienKhaiGiaiDoanOngGiamSat: 
INFO: Chuongtrinhchinh>ABCmain>ABCmulti>trienKhaiGiaiDoanOngTrinhSat: 
INFO: Chuongtrinhchinh>ABCmain>ABCmulti: No.23 (Fail): Ploss = 4.6401 kW; nhanhcat = 14   9  10  15  16;
INFO: Chuongtrinhchinh>ABCmain>ABCmulti>trienKhaiGiaiDoanOngLamViec: 
INFO: Chuongtrinhchinh>ABCmain>ABCmulti>trienKhaiGiaiDoanOngGiamSat: 
INFO: Chuongtrinhchinh>ABCmain>ABCmulti>trienKhaiGiaiDoanOngTrinhSat: 
INFO: Chuongtrinhchinh>ABCmain>ABCmulti: No.24 (Fail): Ploss = 4.6401 kW; nhanhcat = 14   9  10  15  16;
INFO: Chuongtrinhchinh>ABCmain>ABCmulti>trienKhaiGiaiDoanOngLamViec: 
INFO: Chuongtrinhchinh>ABCmain>ABCmulti>trienKhaiGiaiDoanOngGiamSat: 
INFO: Chuongtrinhchinh>ABCmain>ABCmulti>trienKhaiGiaiDoanOngTrinhSat: 
INFO: Chuongtrinhchinh>ABCmain>ABCmulti: No.25 (Fail): Ploss = 4.6401 kW; nhanhcat = 14   9  10  15  16;
INFO: Chuongtrinhchinh>ABCmain>ABCmulti: (Success)
INFO: Chuongtrinhchinh>ABCmain>ruttia: bo qua tat ca cac nut nguon
INFO: Chuongtrinhchinh>ABCmain>ruttia: rut tia 1: lan 1: nut#6
INFO: Chuongtrinhchinh>ABCmain>ruttia: loai tru nhanh hinh-tia co linedata: 7  5  6  4  5
INFO: Chuongtrinhchinh>ABCmain>ruttia: loai tru nhanh hinh-tia co linedata: 6  4  5  2  4
INFO: Chuongtrinhchinh>ABCmain>ruttia>baoCaoTienDo: linedata : 7 (rows); powerdata: 17 (rows)
INFO: Chuongtrinhchinh>ABCmain>ruttia: rut tia 1: lan 2: nut#8
INFO: Chuongtrinhchinh>ABCmain>ruttia: loai tru nhanh hinh-tia co linedata: 12   7   8   3   5
INFO: Chuongtrinhchinh>ABCmain>ruttia>baoCaoTienDo: linedata : 6 (rows); powerdata: 17 (rows)
INFO: Chuongtrinhchinh>ABCmain>ruttia: rut tia 1: lan 3: nut#10
INFO: Chuongtrinhchinh>ABCmain>ruttia: loai tru nhanh hinh-tia co linedata: 13  10   7   3   3
INFO: Chuongtrinhchinh>ABCmain>ruttia>baoCaoTienDo: linedata : 5 (rows); powerdata: 17 (rows)
INFO: Chuongtrinhchinh>ABCmain>ruttia: rut tia 1: lan 4: nut#11
INFO: Chuongtrinhchinh>ABCmain>ruttia: loai tru nhanh hinh-tia co linedata: 17   9  11   5   3
INFO: Chuongtrinhchinh>ABCmain>ruttia: loai tru nhanh hinh-tia co linedata: 11   7   9   4   5
INFO: Chuongtrinhchinh>ABCmain>ruttia: loai tru nhanh hinh-tia co linedata: 8  4  7  4  5
INFO: Chuongtrinhchinh>ABCmain>ruttia: loai tru nhanh hinh-tia co linedata: 5  3  4  4  6
INFO: Chuongtrinhchinh>ABCmain>ruttia: loai tru nhanh hinh-tia co linedata: 1  1  3  3  4
INFO: Chuongtrinhchinh>ABCmain>ruttia>baoCaoTienDo: linedata : 0 (rows); powerdata: 17 (rows)
INFO: Chuongtrinhchinh>ABCmain>ruttia: rut tia xong (tinh xong tat ca linedata)
INFO: Chuongtrinhchinh>ABCmain>baoCaoTienDo: linedata : 0 (rows); powerdata: 17 (rows)
INFO: Chuongtrinhchinh>ABCmain: (Success)
INFO: Chuongtrinhchinh: Phan tich du lieu thu duoc (Start)
INFO: Chuongtrinhchinh: Danh sach cac nhanh cat: 27  14   9  10  15  16
INFO: Chuongtrinhchinh: {
INFO: Chuongtrinhchinh: loai bo linedata: 27  19  20   5   5
INFO: Chuongtrinhchinh: loai bo linedata: 14   8   9   9  10
INFO: Chuongtrinhchinh: loai bo linedata: 9   6  11   5   7
INFO: Chuongtrinhchinh: loai bo linedata: 10  11  12   6   6
INFO: Chuongtrinhchinh: loai bo linedata: 15   9  12   5   6
INFO: Chuongtrinhchinh: loai bo linedata: 16   9  13   4   6
INFO: Chuongtrinhchinh: }
INFO: Chuongtrinhchinh>baoCaoTienDo: linedata : 26 (rows); powerdata: 27 (rows)
INFO: Chuongtrinhchinh>ruttia: bo qua tat ca cac nut nguon
INFO: Chuongtrinhchinh>ruttia: rut tia 1: lan 1: nut#5
INFO: Chuongtrinhchinh>ruttia: loai tru nhanh hinh-tia co linedata: 4  4  5  2  3
INFO: Chuongtrinhchinh>ruttia: loai tru nhanh hinh-tia co linedata: 3  3  4  1  2
INFO: Chuongtrinhchinh>ruttia: loai tru nhanh hinh-tia co linedata: 2  2  3  2  3
INFO: Chuongtrinhchinh>ruttia>baoCaoTienDo: linedata : 23 (rows); powerdata: 27 (rows)
INFO: Chuongtrinhchinh>ruttia: rut tia 1: lan 2: nut#11
INFO: Chuongtrinhchinh>ruttia: loai tru nhanh hinh-tia co linedata: 12  10  11   3   5
INFO: Chuongtrinhchinh>ruttia>baoCaoTienDo: linedata : 22 (rows); powerdata: 27 (rows)
INFO: Chuongtrinhchinh>ruttia: rut tia 1: lan 3: nut#13
INFO: Chuongtrinhchinh>ruttia: loai tru nhanh hinh-tia co linedata: 17  12  13   5   3
INFO: Chuongtrinhchinh>ruttia: loai tru nhanh hinh-tia co linedata: 11  10  12   4   5
INFO: Chuongtrinhchinh>ruttia>baoCaoTienDo: linedata : 20 (rows); powerdata: 27 (rows)
INFO: Chuongtrinhchinh>ruttia: rut tia 1: lan 4: nut#16
INFO: Chuongtrinhchinh>ruttia: loai tru nhanh hinh-tia co linedata: 20  15  16   6   7
INFO: Chuongtrinhchinh>ruttia: loai tru nhanh hinh-tia co linedata: 19  14  15  14  15
INFO: Chuongtrinhchinh>ruttia>baoCaoTienDo: linedata : 18 (rows); powerdata: 27 (rows)
INFO: Chuongtrinhchinh>ruttia: rut tia 1: lan 5: nut#19
INFO: Chuongtrinhchinh>ruttia: loai tru nhanh hinh-tia co linedata: 28  18  19   4   5
INFO: Chuongtrinhchinh>ruttia: loai tru nhanh hinh-tia co linedata: 29  17  18   4   4
INFO: Chuongtrinhchinh>ruttia>baoCaoTienDo: linedata : 16 (rows); powerdata: 27 (rows)
INFO: Chuongtrinhchinh>ruttia: rut tia 1: lan 6: nut#21
INFO: Chuongtrinhchinh>ruttia: loai tru nhanh hinh-tia co linedata: 26  20  21   5   2
INFO: Chuongtrinhchinh>ruttia: loai tru nhanh hinh-tia co linedata: 25  20  22   6   8
INFO: Chuongtrinhchinh>ruttia>baoCaoTienDo: linedata : 14 (rows); powerdata: 27 (rows)
INFO: Chuongtrinhchinh>ruttia: rut tia 1: lan 7: nut#24
INFO: Chuongtrinhchinh>ruttia: loai tru nhanh hinh-tia co linedata: 24  22  24   4   7
INFO: Chuongtrinhchinh>ruttia: loai tru nhanh hinh-tia co linedata: 23  22  23   5   4
INFO: Chuongtrinhchinh>ruttia: loai tru nhanh hinh-tia co linedata: 22  17  23   3   5
INFO: Chuongtrinhchinh>ruttia: loai tru nhanh hinh-tia co linedata: 21  14  17   4   3
INFO: Chuongtrinhchinh>ruttia: loai tru nhanh hinh-tia co linedata: 18            9           14          0.5            1
INFO: Chuongtrinhchinh>ruttia: loai tru nhanh hinh-tia co linedata: 13   9  10   3   3
INFO: Chuongtrinhchinh>ruttia: loai tru nhanh hinh-tia co linedata: 8   6  10   4   5
INFO: Chuongtrinhchinh>ruttia>baoCaoTienDo: linedata : 7 (rows); powerdata: 27 (rows)
INFO: Chuongtrinhchinh>ruttia: rut tia 1: lan 8: nut#27
INFO: Chuongtrinhchinh>ruttia: loai tru nhanh hinh-tia co linedata: 32  26  27   5   6
INFO: Chuongtrinhchinh>ruttia: loai tru nhanh hinh-tia co linedata: 31  25  26   1   2
INFO: Chuongtrinhchinh>ruttia: loai tru nhanh hinh-tia co linedata: 30   8  25   3   2
INFO: Chuongtrinhchinh>ruttia: loai tru nhanh hinh-tia co linedata: 7  7  8  4  5
INFO: Chuongtrinhchinh>ruttia: loai tru nhanh hinh-tia co linedata: 6  6  7  2  4
INFO: Chuongtrinhchinh>ruttia: loai tru nhanh hinh-tia co linedata: 5  2  6  4  6
INFO: Chuongtrinhchinh>ruttia: loai tru nhanh hinh-tia co linedata: 1  1  2  3  4
INFO: Chuongtrinhchinh>ruttia>baoCaoTienDo: linedata : 0 (rows); powerdata: 27 (rows)
INFO: Chuongtrinhchinh>ruttia: rut tia xong (tinh xong tat ca linedata)
INFO: Chuongtrinhchinh: tinh xong powerDataAfterABC
INFO: Chuongtrinhchinh: Phan tich du lieu thu duoc (Success)
INFO: Chuongtrinhchinh: ========
INFO: Chuongtrinhchinh: Danh sach cac nhanh cat: 27        14         9        10        15        16
INFO: Chuongtrinhchinh: {
INFO: Chuongtrinhchinh: cat nhanh 1 (giua nut #19 va #20)
INFO: Chuongtrinhchinh: cat nhanh 2 (giua nut #8 va #9)
INFO: Chuongtrinhchinh: cat nhanh 3 (giua nut #6 va #11)
INFO: Chuongtrinhchinh: cat nhanh 4 (giua nut #11 va #12)
INFO: Chuongtrinhchinh: cat nhanh 5 (giua nut #9 va #12)
INFO: Chuongtrinhchinh: cat nhanh 6 (giua nut #9 va #13)
INFO: Chuongtrinhchinh: }
INFO: Chuongtrinhchinh: ========
INFO: Chuongtrinhchinh: Tong tai (Ptotalload) = 870 kW
INFO: Chuongtrinhchinh: Tong cong suat (Ptotal) = 885 kW
INFO: Chuongtrinhchinh: Ton that cong suat (Ploss) = 15.5 kW
INFO: Chuongtrinhchinh: Phan tram ton that cong suat (DeltaP) = 1.75%
INFO: Chuongtrinhchinh: Sut ap lon nhat o nut #21 = 1.13 kV
INFO: Chuongtrinhchinh: Phan tram sut ap DeltaUmin = 5.12%
INFO: Chuongtrinhchinh: ========
INFO: Chuongtrinhchinh: (SUCCESS)
